<?xml version="1.0" encoding="UTF-8"?>
<testng-results ignored="0" total="2" passed="2" failed="0" skipped="0">
  <reporter-output>
  </reporter-output>
  <suite started-at="2021-03-26T09:44:16Z" name="AmazonTestSUite" finished-at="2021-03-26T09:44:24Z" duration-ms="8667">
    <groups>
    </groups>
    <test started-at="2021-03-26T09:44:16Z" name="Practise" finished-at="2021-03-26T09:44:24Z" duration-ms="8667">
      <class name="com.amazon.qa.testcases.HomeTest">
        <test-method is-config="true" signature="setup()[pri:0, instance:com.amazon.qa.testcases.HomeTest@3ad2e17]" started-at="2021-03-26T09:44:16Z" name="setup" finished-at="2021-03-26T09:44:19Z" duration-ms="3458" status="PASS">
          <reporter-output>
          </reporter-output>
        </test-method> <!-- setup -->
        <test-method signature="HomepageValidation()[pri:1, instance:com.amazon.qa.testcases.HomeTest@3ad2e17]" started-at="2021-03-26T09:44:19Z" name="HomepageValidation" finished-at="2021-03-26T09:44:19Z" duration-ms="12" status="PASS">
          <reporter-output>
          </reporter-output>
        </test-method> <!-- HomepageValidation -->
        <test-method is-config="true" signature="tearDown()[pri:0, instance:com.amazon.qa.testcases.HomeTest@3ad2e17]" started-at="2021-03-26T09:44:19Z" name="tearDown" finished-at="2021-03-26T09:44:19Z" duration-ms="119" status="PASS">
          <reporter-output>
          </reporter-output>
        </test-method> <!-- tearDown -->
        <test-method is-config="true" signature="setup()[pri:0, instance:com.amazon.qa.testcases.HomeTest@3ad2e17]" started-at="2021-03-26T09:44:20Z" name="setup" finished-at="2021-03-26T09:44:22Z" duration-ms="2328" status="PASS">
          <reporter-output>
          </reporter-output>
        </test-method> <!-- setup -->
        <test-method signature="clickOnSignIn(java.lang.String, java.lang.String, java.lang.String, java.lang.String)[pri:2, instance:com.amazon.qa.testcases.HomeTest@3ad2e17]" started-at="2021-03-26T09:44:22Z" name="clickOnSignIn" data-provider="getRegistrationData" finished-at="2021-03-26T09:44:24Z" duration-ms="2166" status="PASS">
          <params>
            <param index="0">
              <value>
                <![CDATA[Rohit]]>
              </value>
            </param>
            <param index="1">
              <value>
                <![CDATA[9.02240034E9]]>
              </value>
            </param>
            <param index="2">
              <value>
                <![CDATA[wadhwarohit62@gmail.com]]>
              </value>
            </param>
            <param index="3">
              <value>
                <![CDATA[Waheguru@13]]>
              </value>
            </param>
          </params>
          <reporter-output>
          </reporter-output>
        </test-method> <!-- clickOnSignIn -->
        <test-method is-config="true" signature="tearDown()[pri:0, instance:com.amazon.qa.testcases.HomeTest@3ad2e17]" started-at="2021-03-26T09:44:24Z" name="tearDown" finished-at="2021-03-26T09:44:24Z" duration-ms="129" status="PASS">
          <reporter-output>
          </reporter-output>
        </test-method> <!-- tearDown -->
      </class> <!-- com.amazon.qa.testcases.HomeTest -->
    </test> <!-- Practise -->
  </suite> <!-- AmazonTestSUite -->
</testng-results>
